Traceback (most recent call last):
  File "/home/allan/miniconda3/envs/reaktoro-jupyter-book/lib/python3.9/site-packages/jupyter_cache/executors/utils.py", line 51, in single_nb_execution
    executenb(
  File "/home/allan/miniconda3/envs/reaktoro-jupyter-book/lib/python3.9/site-packages/nbclient/client.py", line 1117, in execute
    return NotebookClient(nb=nb, resources=resources, km=km, **kwargs).execute()
  File "/home/allan/miniconda3/envs/reaktoro-jupyter-book/lib/python3.9/site-packages/nbclient/util.py", line 78, in wrapped
    return just_run(coro(*args, **kwargs))
  File "/home/allan/miniconda3/envs/reaktoro-jupyter-book/lib/python3.9/site-packages/nbclient/util.py", line 57, in just_run
    return loop.run_until_complete(coro)
  File "/home/allan/miniconda3/envs/reaktoro-jupyter-book/lib/python3.9/asyncio/base_events.py", line 642, in run_until_complete
    return future.result()
  File "/home/allan/miniconda3/envs/reaktoro-jupyter-book/lib/python3.9/site-packages/nbclient/client.py", line 558, in async_execute
    await self.async_execute_cell(
  File "/home/allan/miniconda3/envs/reaktoro-jupyter-book/lib/python3.9/site-packages/nbclient/client.py", line 862, in async_execute_cell
    self._check_raise_for_error(cell, exec_reply)
  File "/home/allan/miniconda3/envs/reaktoro-jupyter-book/lib/python3.9/site-packages/nbclient/client.py", line 765, in _check_raise_for_error
    raise CellExecutionError.from_cell_and_msg(cell, exec_reply_content)
nbclient.exceptions.CellExecutionError: An error occurred while executing the following cell:
------------------
aprops = AqueousProps(state)

print("AQUEOUS PROPERTIES AT EQUILIBRIUM")
print(aprops)
------------------

[0;31m---------------------------------------------------------------------------[0m
[0;31mRuntimeError[0m                              Traceback (most recent call last)
[0;32m/tmp/ipykernel_14956/659578620.py[0m in [0;36m<module>[0;34m[0m
[0;32m----> 1[0;31m [0maprops[0m [0;34m=[0m [0mAqueousProps[0m[0;34m([0m[0mstate[0m[0;34m)[0m[0;34m[0m[0;34m[0m[0m
[0m[1;32m      2[0m [0;34m[0m[0m
[1;32m      3[0m [0mprint[0m[0;34m([0m[0;34m"AQUEOUS PROPERTIES AT EQUILIBRIUM"[0m[0;34m)[0m[0;34m[0m[0;34m[0m[0m
[1;32m      4[0m [0mprint[0m[0;34m([0m[0maprops[0m[0;34m)[0m[0;34m[0m[0;34m[0m[0m

[0;31mRuntimeError[0m: [1;31m***ERROR***
Could not find critical properties for substance CH3C6H4(OH) while creating a cubic equation of state model (e.g. Peng-Robinson, Soave-Redlich-Kwong, etc.). The following are ways to fix this error:
  - use CriticalProps::append(crprops) to register the critical properties of this substance in the CriticalProps database,
  - use CriticalProps::setMissingAs("He") to consider all missing substances in the CriticalProps database as if they were He.
[0m
RuntimeError: [1;31m***ERROR***
Could not find critical properties for substance CH3C6H4(OH) while creating a cubic equation of state model (e.g. Peng-Robinson, Soave-Redlich-Kwong, etc.). The following are ways to fix this error:
  - use CriticalProps::append(crprops) to register the critical properties of this substance in the CriticalProps database,
  - use CriticalProps::setMissingAs("He") to consider all missing substances in the CriticalProps database as if they were He.
[0m

