Traceback (most recent call last):
  File "/home/allan/miniconda3/envs/reaktoro-jupyter-book/lib/python3.10/site-packages/jupyter_cache/executors/utils.py", line 51, in single_nb_execution
    executenb(
  File "/home/allan/miniconda3/envs/reaktoro-jupyter-book/lib/python3.10/site-packages/nbclient/client.py", line 1204, in execute
    return NotebookClient(nb=nb, resources=resources, km=km, **kwargs).execute()
  File "/home/allan/miniconda3/envs/reaktoro-jupyter-book/lib/python3.10/site-packages/nbclient/util.py", line 84, in wrapped
    return just_run(coro(*args, **kwargs))
  File "/home/allan/miniconda3/envs/reaktoro-jupyter-book/lib/python3.10/site-packages/nbclient/util.py", line 62, in just_run
    return loop.run_until_complete(coro)
  File "/home/allan/miniconda3/envs/reaktoro-jupyter-book/lib/python3.10/asyncio/base_events.py", line 649, in run_until_complete
    return future.result()
  File "/home/allan/miniconda3/envs/reaktoro-jupyter-book/lib/python3.10/site-packages/nbclient/client.py", line 663, in async_execute
    await self.async_execute_cell(
  File "/home/allan/miniconda3/envs/reaktoro-jupyter-book/lib/python3.10/site-packages/nbclient/client.py", line 965, in async_execute_cell
    await self._check_raise_for_error(cell, cell_index, exec_reply)
  File "/home/allan/miniconda3/envs/reaktoro-jupyter-book/lib/python3.10/site-packages/nbclient/client.py", line 862, in _check_raise_for_error
    raise CellExecutionError.from_cell_and_msg(cell, exec_reply_content)
nbclient.exceptions.CellExecutionError: An error occurred while executing the following cell:
------------------
from bokeh.plotting import figure, show, gridplot
from bokeh.models import HoverTool
from bokeh.io import output_notebook
from bokeh.models import ColumnDataSource
output_notebook()

# ----------------------------------- #
# Plot P amount
# ----------------------------------- #
hovertool1 = HoverTool()
hovertool1.tooltips = [("amount(P)", "@amount_P mol"), 
                       ("T", "@T °C"), 
                       ("ppCO2", "@ppCO2")]

p1 = figure(
    title="DEPENDENCE PHOSPHORUS AMOUNT ON TEMPERATURE",
    x_axis_label=r'PARTIAL PRESSURE CO2 [-]',
    y_axis_label='AMOUNT OF P IN SOLUTION [MOL]',
    sizing_mode="scale_width",
    plot_height=300)

p1.add_tools(hovertool1)

colors = ['teal', 'darkred', 'indigo']
for T, color in zip(temperatures, colors):
    df_T = ColumnDataSource(data[data['T'] == T])
    p1.line("ppCO2", "amount_P", legend_label=f'{T} °C', line_width=3, line_cap="round", line_color=color, source=df_T)

p1.legend.location = 'top_left'

# ----------------------------------- #
# Plot Ca amount
# ----------------------------------- #
hovertool2 = HoverTool()
hovertool2.tooltips = [("amount(Ca)", "@amount_Ca mol"), 
                       ("T", "@T °C"),
                       ("ppCO2", "@ppCO2")]


p2 = figure(
    title="DEPENDENCE CALCIUM AMOUNT ON TEMPERATURE",
    x_axis_label=r'PARTIAL PRESSURE CO2 [-]',
    y_axis_label='AMOUNT OF CA IN SOLUTION [MOL]',
    sizing_mode="scale_width",
    plot_height=300)

p2.add_tools(hovertool2)

colors = ['teal', 'darkred', 'indigo']
for T, color in zip(temperatures, colors):
    df_T = ColumnDataSource(data[data['T'] == T])
    p2.line("ppCO2", "amount_Ca", legend_label=f'{T} °C', line_width=3, line_cap="round", line_color=color, source=df_T)

p2.legend.location = 'top_left'

grid = gridplot([[p1], [p2]])

show(grid)
------------------

[0;31m---------------------------------------------------------------------------[0m
[0;31mAttributeError[0m                            Traceback (most recent call last)
Cell [0;32mIn[5], line 15[0m
[1;32m     10[0m hovertool1 [38;5;241m=[39m HoverTool()
[1;32m     11[0m hovertool1[38;5;241m.[39mtooltips [38;5;241m=[39m [([38;5;124m"[39m[38;5;124mamount(P)[39m[38;5;124m"[39m, [38;5;124m"[39m[38;5;124m@amount_P mol[39m[38;5;124m"[39m), 
[1;32m     12[0m                        ([38;5;124m"[39m[38;5;124mT[39m[38;5;124m"[39m, [38;5;124m"[39m[38;5;124m@T °C[39m[38;5;124m"[39m), 
[1;32m     13[0m                        ([38;5;124m"[39m[38;5;124mppCO2[39m[38;5;124m"[39m, [38;5;124m"[39m[38;5;124m@ppCO2[39m[38;5;124m"[39m)]
[0;32m---> 15[0m p1 [38;5;241m=[39m [43mfigure[49m[43m([49m
[1;32m     16[0m [43m    [49m[43mtitle[49m[38;5;241;43m=[39;49m[38;5;124;43m"[39;49m[38;5;124;43mDEPENDENCE PHOSPHORUS AMOUNT ON TEMPERATURE[39;49m[38;5;124;43m"[39;49m[43m,[49m
[1;32m     17[0m [43m    [49m[43mx_axis_label[49m[38;5;241;43m=[39;49m[38;5;124;43mr[39;49m[38;5;124;43m'[39;49m[38;5;124;43mPARTIAL PRESSURE CO2 [-][39;49m[38;5;124;43m'[39;49m[43m,[49m
[1;32m     18[0m [43m    [49m[43my_axis_label[49m[38;5;241;43m=[39;49m[38;5;124;43m'[39;49m[38;5;124;43mAMOUNT OF P IN SOLUTION [MOL][39;49m[38;5;124;43m'[39;49m[43m,[49m
[1;32m     19[0m [43m    [49m[43msizing_mode[49m[38;5;241;43m=[39;49m[38;5;124;43m"[39;49m[38;5;124;43mscale_width[39;49m[38;5;124;43m"[39;49m[43m,[49m
[1;32m     20[0m [43m    [49m[43mplot_height[49m[38;5;241;43m=[39;49m[38;5;241;43m300[39;49m[43m)[49m
[1;32m     22[0m p1[38;5;241m.[39madd_tools(hovertool1)
[1;32m     24[0m colors [38;5;241m=[39m [[38;5;124m'[39m[38;5;124mteal[39m[38;5;124m'[39m, [38;5;124m'[39m[38;5;124mdarkred[39m[38;5;124m'[39m, [38;5;124m'[39m[38;5;124mindigo[39m[38;5;124m'[39m]

File [0;32m~/miniconda3/envs/reaktoro-jupyter-book/lib/python3.10/site-packages/bokeh/plotting/_figure.py:190[0m, in [0;36mfigure.__init__[0;34m(self, *arg, **kw)[0m
[1;32m    188[0m [38;5;28;01mfor[39;00m name [38;5;129;01min[39;00m kw[38;5;241m.[39mkeys():
[1;32m    189[0m     [38;5;28;01mif[39;00m name [38;5;129;01mnot[39;00m [38;5;129;01min[39;00m names:
[0;32m--> 190[0m         [38;5;28;43mself[39;49m[38;5;241;43m.[39;49m[43m_raise_attribute_error_with_matches[49m[43m([49m[43mname[49m[43m,[49m[43m [49m[43mnames[49m[43m [49m[38;5;241;43m|[39;49m[43m [49m[43mopts[49m[38;5;241;43m.[39;49m[43mproperties[49m[43m([49m[43m)[49m[43m)[49m
[1;32m    192[0m [38;5;28msuper[39m()[38;5;241m.[39m[38;5;21m__init__[39m([38;5;241m*[39marg, [38;5;241m*[39m[38;5;241m*[39mkw)
[1;32m    194[0m [38;5;28mself[39m[38;5;241m.[39mx_range [38;5;241m=[39m get_range(opts[38;5;241m.[39mx_range)

File [0;32m~/miniconda3/envs/reaktoro-jupyter-book/lib/python3.10/site-packages/bokeh/core/has_props.py:368[0m, in [0;36mHasProps._raise_attribute_error_with_matches[0;34m(self, name, properties)[0m
[1;32m    365[0m [38;5;28;01mif[39;00m [38;5;129;01mnot[39;00m matches:
[1;32m    366[0m     matches, text [38;5;241m=[39m [38;5;28msorted[39m(properties), [38;5;124m"[39m[38;5;124mpossible[39m[38;5;124m"[39m
[0;32m--> 368[0m [38;5;28;01mraise[39;00m [38;5;167;01mAttributeError[39;00m([38;5;124mf[39m[38;5;124m"[39m[38;5;124munexpected attribute [39m[38;5;132;01m{[39;00mname[38;5;132;01m!r}[39;00m[38;5;124m to [39m[38;5;132;01m{[39;00m[38;5;28mself[39m[38;5;241m.[39m[38;5;18m__class__[39m[38;5;241m.[39m[38;5;18m__name__[39m[38;5;132;01m}[39;00m[38;5;124m, [39m[38;5;132;01m{[39;00mtext[38;5;132;01m}[39;00m[38;5;124m attributes are [39m[38;5;132;01m{[39;00mnice_join(matches)[38;5;132;01m}[39;00m[38;5;124m"[39m)

[0;31mAttributeError[0m: unexpected attribute 'plot_height' to figure, similar attributes are outer_height, height or min_height
AttributeError: unexpected attribute 'plot_height' to figure, similar attributes are outer_height, height or min_height

