Traceback (most recent call last):
  File "/home/allan/miniconda3/envs/reaktoro-jupyter-book/lib/python3.10/site-packages/jupyter_cache/executors/utils.py", line 51, in single_nb_execution
    executenb(
  File "/home/allan/miniconda3/envs/reaktoro-jupyter-book/lib/python3.10/site-packages/nbclient/client.py", line 1204, in execute
    return NotebookClient(nb=nb, resources=resources, km=km, **kwargs).execute()
  File "/home/allan/miniconda3/envs/reaktoro-jupyter-book/lib/python3.10/site-packages/nbclient/util.py", line 84, in wrapped
    return just_run(coro(*args, **kwargs))
  File "/home/allan/miniconda3/envs/reaktoro-jupyter-book/lib/python3.10/site-packages/nbclient/util.py", line 62, in just_run
    return loop.run_until_complete(coro)
  File "/home/allan/miniconda3/envs/reaktoro-jupyter-book/lib/python3.10/asyncio/base_events.py", line 649, in run_until_complete
    return future.result()
  File "/home/allan/miniconda3/envs/reaktoro-jupyter-book/lib/python3.10/site-packages/nbclient/client.py", line 663, in async_execute
    await self.async_execute_cell(
  File "/home/allan/miniconda3/envs/reaktoro-jupyter-book/lib/python3.10/site-packages/nbclient/client.py", line 965, in async_execute_cell
    await self._check_raise_for_error(cell, cell_index, exec_reply)
  File "/home/allan/miniconda3/envs/reaktoro-jupyter-book/lib/python3.10/site-packages/nbclient/client.py", line 862, in _check_raise_for_error
    raise CellExecutionError.from_cell_and_msg(cell, exec_reply_content)
nbclient.exceptions.CellExecutionError: An error occurred while executing the following cell:
------------------
from bokeh.plotting import gridplot, figure, show
from bokeh.models import HoverTool, Legend
from bokeh.io import output_notebook
output_notebook()

# ----------------------------------- #
# Plot dependence of pH on added HCl
# ----------------------------------- #
hovertool1 = HoverTool()
hovertool1.tooltips = [("pH", "@pH"), ("amount(HCl)", "@amount_HCl mol")]

p1 = figure(
    title="DEPENDENCE OF PH ON HCL AMOUNT",
    x_axis_label=r'HCL [MOL]',
    y_axis_label='PH [-]',
    sizing_mode="scale_width",
    plot_height=300)

p1.add_tools(hovertool1)

r11 = p1.line("amount_HCl", "pH", line_width=3, line_cap="round", line_color='darkred', source=pd1)
r21 = p1.circle("amount_HCl", "pH", line_width=2, size=6, line_color='darkred', fill_color='darkred', source=pd1)

legend = Legend(items=[
    ("pH"  , [r11, r21]),
], location="top_right")

p1.add_layout(legend, 'right')

# ----------------------------------- #
# Plot dependence of pH on added NH3+
# ----------------------------------- #
hovertool2 = HoverTool()
hovertool2.tooltips = [("pH", "@pH"), ("amount(NH3)", "@amount_NH3 mol")]

p2 = figure(
    title="DEPENDENCE OF PH ON NH3(aq) AMOUNT",
    x_axis_label=r'NH3 [MOL]',
    y_axis_label='PH [-]',
    sizing_mode="scale_width",
    plot_height=300)

p2.add_tools(hovertool2)

r21 = p2.line("amount_NH3", "pH", line_width=3, line_cap="round", line_color='teal', source=pd2)
r22 = p2.x("amount_NH3", "pH", line_width=2, size=8, line_color="teal", source=pd2)

legend = Legend(items=[
    ("pH"  , [r21, r22]),
], location="top_right")

p2.add_layout(legend, 'right')

grid = gridplot([[p1], [p2]])

show(grid)
------------------

[0;31m---------------------------------------------------------------------------[0m
[0;31mAttributeError[0m                            Traceback (most recent call last)
Cell [0;32mIn[4], line 12[0m
[1;32m      9[0m hovertool1 [38;5;241m=[39m HoverTool()
[1;32m     10[0m hovertool1[38;5;241m.[39mtooltips [38;5;241m=[39m [([38;5;124m"[39m[38;5;124mpH[39m[38;5;124m"[39m, [38;5;124m"[39m[38;5;124m@pH[39m[38;5;124m"[39m), ([38;5;124m"[39m[38;5;124mamount(HCl)[39m[38;5;124m"[39m, [38;5;124m"[39m[38;5;124m@amount_HCl mol[39m[38;5;124m"[39m)]
[0;32m---> 12[0m p1 [38;5;241m=[39m [43mfigure[49m[43m([49m
[1;32m     13[0m [43m    [49m[43mtitle[49m[38;5;241;43m=[39;49m[38;5;124;43m"[39;49m[38;5;124;43mDEPENDENCE OF PH ON HCL AMOUNT[39;49m[38;5;124;43m"[39;49m[43m,[49m
[1;32m     14[0m [43m    [49m[43mx_axis_label[49m[38;5;241;43m=[39;49m[38;5;124;43mr[39;49m[38;5;124;43m'[39;49m[38;5;124;43mHCL [MOL][39;49m[38;5;124;43m'[39;49m[43m,[49m
[1;32m     15[0m [43m    [49m[43my_axis_label[49m[38;5;241;43m=[39;49m[38;5;124;43m'[39;49m[38;5;124;43mPH [-][39;49m[38;5;124;43m'[39;49m[43m,[49m
[1;32m     16[0m [43m    [49m[43msizing_mode[49m[38;5;241;43m=[39;49m[38;5;124;43m"[39;49m[38;5;124;43mscale_width[39;49m[38;5;124;43m"[39;49m[43m,[49m
[1;32m     17[0m [43m    [49m[43mplot_height[49m[38;5;241;43m=[39;49m[38;5;241;43m300[39;49m[43m)[49m
[1;32m     19[0m p1[38;5;241m.[39madd_tools(hovertool1)
[1;32m     21[0m r11 [38;5;241m=[39m p1[38;5;241m.[39mline([38;5;124m"[39m[38;5;124mamount_HCl[39m[38;5;124m"[39m, [38;5;124m"[39m[38;5;124mpH[39m[38;5;124m"[39m, line_width[38;5;241m=[39m[38;5;241m3[39m, line_cap[38;5;241m=[39m[38;5;124m"[39m[38;5;124mround[39m[38;5;124m"[39m, line_color[38;5;241m=[39m[38;5;124m'[39m[38;5;124mdarkred[39m[38;5;124m'[39m, source[38;5;241m=[39mpd1)

File [0;32m~/miniconda3/envs/reaktoro-jupyter-book/lib/python3.10/site-packages/bokeh/plotting/_figure.py:190[0m, in [0;36mfigure.__init__[0;34m(self, *arg, **kw)[0m
[1;32m    188[0m [38;5;28;01mfor[39;00m name [38;5;129;01min[39;00m kw[38;5;241m.[39mkeys():
[1;32m    189[0m     [38;5;28;01mif[39;00m name [38;5;129;01mnot[39;00m [38;5;129;01min[39;00m names:
[0;32m--> 190[0m         [38;5;28;43mself[39;49m[38;5;241;43m.[39;49m[43m_raise_attribute_error_with_matches[49m[43m([49m[43mname[49m[43m,[49m[43m [49m[43mnames[49m[43m [49m[38;5;241;43m|[39;49m[43m [49m[43mopts[49m[38;5;241;43m.[39;49m[43mproperties[49m[43m([49m[43m)[49m[43m)[49m
[1;32m    192[0m [38;5;28msuper[39m()[38;5;241m.[39m[38;5;21m__init__[39m([38;5;241m*[39marg, [38;5;241m*[39m[38;5;241m*[39mkw)
[1;32m    194[0m [38;5;28mself[39m[38;5;241m.[39mx_range [38;5;241m=[39m get_range(opts[38;5;241m.[39mx_range)

File [0;32m~/miniconda3/envs/reaktoro-jupyter-book/lib/python3.10/site-packages/bokeh/core/has_props.py:368[0m, in [0;36mHasProps._raise_attribute_error_with_matches[0;34m(self, name, properties)[0m
[1;32m    365[0m [38;5;28;01mif[39;00m [38;5;129;01mnot[39;00m matches:
[1;32m    366[0m     matches, text [38;5;241m=[39m [38;5;28msorted[39m(properties), [38;5;124m"[39m[38;5;124mpossible[39m[38;5;124m"[39m
[0;32m--> 368[0m [38;5;28;01mraise[39;00m [38;5;167;01mAttributeError[39;00m([38;5;124mf[39m[38;5;124m"[39m[38;5;124munexpected attribute [39m[38;5;132;01m{[39;00mname[38;5;132;01m!r}[39;00m[38;5;124m to [39m[38;5;132;01m{[39;00m[38;5;28mself[39m[38;5;241m.[39m[38;5;18m__class__[39m[38;5;241m.[39m[38;5;18m__name__[39m[38;5;132;01m}[39;00m[38;5;124m, [39m[38;5;132;01m{[39;00mtext[38;5;132;01m}[39;00m[38;5;124m attributes are [39m[38;5;132;01m{[39;00mnice_join(matches)[38;5;132;01m}[39;00m[38;5;124m"[39m)

[0;31mAttributeError[0m: unexpected attribute 'plot_height' to figure, similar attributes are outer_height, height or min_height
AttributeError: unexpected attribute 'plot_height' to figure, similar attributes are outer_height, height or min_height

