Traceback (most recent call last):
  File "/home/allan/miniconda3/envs/reaktoro-jupyter-book/lib/python3.9/site-packages/jupyter_cache/executors/utils.py", line 51, in single_nb_execution
    executenb(
  File "/home/allan/miniconda3/envs/reaktoro-jupyter-book/lib/python3.9/site-packages/nbclient/client.py", line 1117, in execute
    return NotebookClient(nb=nb, resources=resources, km=km, **kwargs).execute()
  File "/home/allan/miniconda3/envs/reaktoro-jupyter-book/lib/python3.9/site-packages/nbclient/util.py", line 78, in wrapped
    return just_run(coro(*args, **kwargs))
  File "/home/allan/miniconda3/envs/reaktoro-jupyter-book/lib/python3.9/site-packages/nbclient/util.py", line 57, in just_run
    return loop.run_until_complete(coro)
  File "/home/allan/miniconda3/envs/reaktoro-jupyter-book/lib/python3.9/asyncio/base_events.py", line 642, in run_until_complete
    return future.result()
  File "/home/allan/miniconda3/envs/reaktoro-jupyter-book/lib/python3.9/site-packages/nbclient/client.py", line 558, in async_execute
    await self.async_execute_cell(
  File "/home/allan/miniconda3/envs/reaktoro-jupyter-book/lib/python3.9/site-packages/nbclient/client.py", line 862, in async_execute_cell
    self._check_raise_for_error(cell, exec_reply)
  File "/home/allan/miniconda3/envs/reaktoro-jupyter-book/lib/python3.9/site-packages/nbclient/client.py", line 765, in _check_raise_for_error
    raise CellExecutionError.from_cell_and_msg(cell, exec_reply_content)
nbclient.exceptions.CellExecutionError: An error occurred while executing the following cell:
------------------
# Create list of species and phases names, list of Species objects, and auxiliary amounts array
import numpy as np
phases_list_str = "ss_C3AFS084H ss_Ettrignite ss_Monosulfate ss_CSHQ " \
                  "Cal hydrotalcite Portlandite hemicarbonate monocarbonate Amor-Sl FeOOHmic Gbs Mag".split()
volume = np.zeros(len(phases_list_str))

# Define dataframe to collect amount of the selected species
import pandas as pd
columns = ["CaCO3"] + phases_list_str
df = pd.DataFrame(columns=columns)
------------------

[0;31m---------------------------------------------------------------------------[0m
[0;31mKeyboardInterrupt[0m                         Traceback (most recent call last)
[0;32m/tmp/ipykernel_12713/3767885633.py[0m in [0;36m<module>[0;34m[0m
[1;32m      6[0m [0;34m[0m[0m
[1;32m      7[0m [0;31m# Define dataframe to collect amount of the selected species[0m[0;34m[0m[0;34m[0m[0m
[0;32m----> 8[0;31m [0;32mimport[0m [0mpandas[0m [0;32mas[0m [0mpd[0m[0;34m[0m[0;34m[0m[0m
[0m[1;32m      9[0m [0mcolumns[0m [0;34m=[0m [0;34m[[0m[0;34m"CaCO3"[0m[0;34m][0m [0;34m+[0m [0mphases_list_str[0m[0;34m[0m[0;34m[0m[0m
[1;32m     10[0m [0mdf[0m [0;34m=[0m [0mpd[0m[0;34m.[0m[0mDataFrame[0m[0;34m([0m[0mcolumns[0m[0;34m=[0m[0mcolumns[0m[0;34m)[0m[0;34m[0m[0;34m[0m[0m

[0;32m~/miniconda3/envs/reaktoro-jupyter-book/lib/python3.9/site-packages/pandas/__init__.py[0m in [0;36m<module>[0;34m[0m
[1;32m     46[0m [0;32mimport[0m [0mpandas[0m[0;34m.[0m[0mcore[0m[0;34m.[0m[0mconfig_init[0m  [0;31m# pyright: ignore # noqa:F401[0m[0;34m[0m[0;34m[0m[0m
[1;32m     47[0m [0;34m[0m[0m
[0;32m---> 48[0;31m from pandas.core.api import (
[0m[1;32m     49[0m     [0;31m# dtype[0m[0;34m[0m[0;34m[0m[0m
[1;32m     50[0m     [0mArrowDtype[0m[0;34m,[0m[0;34m[0m[0;34m[0m[0m

[0;32m~/miniconda3/envs/reaktoro-jupyter-book/lib/python3.9/site-packages/pandas/core/api.py[0m in [0;36m<module>[0;34m[0m
[1;32m     25[0m     [0mvalue_counts[0m[0;34m,[0m[0;34m[0m[0;34m[0m[0m
[1;32m     26[0m )
[0;32m---> 27[0;31m [0;32mfrom[0m [0mpandas[0m[0;34m.[0m[0mcore[0m[0;34m.[0m[0marrays[0m [0;32mimport[0m [0mCategorical[0m[0;34m[0m[0;34m[0m[0m
[0m[1;32m     28[0m [0;32mfrom[0m [0mpandas[0m[0;34m.[0m[0mcore[0m[0;34m.[0m[0marrays[0m[0;34m.[0m[0marrow[0m [0;32mimport[0m [0mArrowDtype[0m[0;34m[0m[0;34m[0m[0m
[1;32m     29[0m [0;32mfrom[0m [0mpandas[0m[0;34m.[0m[0mcore[0m[0;34m.[0m[0marrays[0m[0;34m.[0m[0mboolean[0m [0;32mimport[0m [0mBooleanDtype[0m[0;34m[0m[0;34m[0m[0m

[0;32m~/miniconda3/envs/reaktoro-jupyter-book/lib/python3.9/site-packages/pandas/core/arrays/__init__.py[0m in [0;36m<module>[0;34m[0m
[1;32m     10[0m [0;32mfrom[0m [0mpandas[0m[0;34m.[0m[0mcore[0m[0;34m.[0m[0marrays[0m[0;34m.[0m[0mfloating[0m [0;32mimport[0m [0mFloatingArray[0m[0;34m[0m[0;34m[0m[0m
[1;32m     11[0m [0;32mfrom[0m [0mpandas[0m[0;34m.[0m[0mcore[0m[0;34m.[0m[0marrays[0m[0;34m.[0m[0minteger[0m [0;32mimport[0m [0mIntegerArray[0m[0;34m[0m[0;34m[0m[0m
[0;32m---> 12[0;31m [0;32mfrom[0m [0mpandas[0m[0;34m.[0m[0mcore[0m[0;34m.[0m[0marrays[0m[0;34m.[0m[0minterval[0m [0;32mimport[0m [0mIntervalArray[0m[0;34m[0m[0;34m[0m[0m
[0m[1;32m     13[0m [0;32mfrom[0m [0mpandas[0m[0;34m.[0m[0mcore[0m[0;34m.[0m[0marrays[0m[0;34m.[0m[0mmasked[0m [0;32mimport[0m [0mBaseMaskedArray[0m[0;34m[0m[0;34m[0m[0m
[1;32m     14[0m [0;32mfrom[0m [0mpandas[0m[0;34m.[0m[0mcore[0m[0;34m.[0m[0marrays[0m[0;34m.[0m[0mnumpy_[0m [0;32mimport[0m [0mPandasArray[0m[0;34m[0m[0;34m[0m[0m

[0;32m~/miniconda3/envs/reaktoro-jupyter-book/lib/python3.9/site-packages/pandas/core/arrays/interval.py[0m in [0;36m<module>[0;34m[0m
[1;32m     90[0m )
[1;32m     91[0m [0;32mfrom[0m [0mpandas[0m[0;34m.[0m[0mcore[0m[0;34m.[0m[0mindexers[0m [0;32mimport[0m [0mcheck_array_indexer[0m[0;34m[0m[0;34m[0m[0m
[0;32m---> 92[0;31m [0;32mfrom[0m [0mpandas[0m[0;34m.[0m[0mcore[0m[0;34m.[0m[0mindexes[0m[0;34m.[0m[0mbase[0m [0;32mimport[0m [0mensure_index[0m[0;34m[0m[0;34m[0m[0m
[0m[1;32m     93[0m from pandas.core.ops import (
[1;32m     94[0m     [0minvalid_comparison[0m[0;34m,[0m[0;34m[0m[0;34m[0m[0m

[0;32m~/miniconda3/envs/reaktoro-jupyter-book/lib/python3.9/site-packages/pandas/core/indexes/base.py[0m in [0;36m<module>[0;34m[0m
[1;32m     33[0m     [0mlib[0m[0;34m,[0m[0;34m[0m[0;34m[0m[0m
[1;32m     34[0m )
[0;32m---> 35[0;31m [0;32mimport[0m [0mpandas[0m[0;34m.[0m[0m_libs[0m[0;34m.[0m[0mjoin[0m [0;32mas[0m [0mlibjoin[0m[0;34m[0m[0;34m[0m[0m
[0m[1;32m     36[0m from pandas._libs.lib import (
[1;32m     37[0m     [0mis_datetime_array[0m[0;34m,[0m[0;34m[0m[0;34m[0m[0m

[0;32m~/miniconda3/envs/reaktoro-jupyter-book/lib/python3.9/site-packages/pandas/_libs/join.pyx[0m in [0;36minit pandas._libs.join[0;34m()[0m

[0;32m~/miniconda3/envs/reaktoro-jupyter-book/lib/python3.9/importlib/_bootstrap.py[0m in [0;36m_lock_unlock_module[0;34m(name)[0m

[0;31mKeyboardInterrupt[0m: 
KeyboardInterrupt: 

